Analysis & Synthesis report for final_project
Wed Mar 29 10:08:04 2017
Quartus II 64-Bit Version 13.0.1 Build 232 06/12/2013 Service Pack 1 SJ Web Edition


---------------------
; Table of Contents ;
---------------------
  1. Legal Notice
  2. Analysis & Synthesis Summary
  3. Analysis & Synthesis Settings
  4. Parallel Compilation
  5. Analysis & Synthesis Source Files Read
  6. Analysis & Synthesis Resource Usage Summary
  7. Analysis & Synthesis Resource Utilization by Entity
  8. Analysis & Synthesis RAM Summary
  9. Analysis & Synthesis IP Cores Summary
 10. Registers Removed During Synthesis
 11. General Register Statistics
 12. Inverted Register Statistics
 13. Multiplexer Restructuring Statistics (Restructuring Performed)
 14. Source assignments for ram_1_read:ram_1|altsyncram:altsyncram_component|altsyncram_03f1:auto_generated|altsyncram_tna2:altsyncram1
 15. Source assignments for ram_2_write:ram_2|altsyncram:altsyncram_component|altsyncram_nnc1:auto_generated|altsyncram_jc82:altsyncram1
 16. Parameter Settings for User Entity Instance: Top-level Entity: |final_project
 17. Parameter Settings for User Entity Instance: ram_1_read:ram_1|altsyncram:altsyncram_component
 18. Parameter Settings for User Entity Instance: ram_2_write:ram_2|altsyncram:altsyncram_component
 19. altsyncram Parameter Settings by Entity Instance
 20. Port Connectivity Checks: "ram_2_write:ram_2"
 21. Port Connectivity Checks: "ram_1_read:ram_1"
 22. In-System Memory Content Editor Settings
 23. Elapsed Time Per Partition
 24. Analysis & Synthesis Messages



----------------
; Legal Notice ;
----------------
Copyright (C) 1991-2013 Altera Corporation
Your use of Altera Corporation's design tools, logic functions 
and other software and tools, and its AMPP partner logic 
functions, and any output files from any of the foregoing 
(including device programming or simulation files), and any 
associated documentation or information are expressly subject 
to the terms and conditions of the Altera Program License 
Subscription Agreement, Altera MegaCore Function License 
Agreement, or other applicable license agreement, including, 
without limitation, that your use is for the sole purpose of 
programming logic devices manufactured by Altera and sold by 
Altera or its authorized distributors.  Please refer to the 
applicable agreement for further details.



+--------------------------------------------------------------------------------------+
; Analysis & Synthesis Summary                                                         ;
+------------------------------------+-------------------------------------------------+
; Analysis & Synthesis Status        ; Successful - Wed Mar 29 10:08:04 2017           ;
; Quartus II 64-Bit Version          ; 13.0.1 Build 232 06/12/2013 SP 1 SJ Web Edition ;
; Revision Name                      ; final_project                                   ;
; Top-level Entity Name              ; final_project                                   ;
; Family                             ; Cyclone II                                      ;
; Total logic elements               ; 316                                             ;
;     Total combinational functions  ; 292                                             ;
;     Dedicated logic registers      ; 171                                             ;
; Total registers                    ; 171                                             ;
; Total pins                         ; 29                                              ;
; Total virtual pins                 ; 0                                               ;
; Total memory bits                  ; 32,768                                          ;
; Embedded Multiplier 9-bit elements ; 0                                               ;
; Total PLLs                         ; 0                                               ;
+------------------------------------+-------------------------------------------------+


+----------------------------------------------------------------------------------------------------------------------+
; Analysis & Synthesis Settings                                                                                        ;
+----------------------------------------------------------------------------+--------------------+--------------------+
; Option                                                                     ; Setting            ; Default Value      ;
+----------------------------------------------------------------------------+--------------------+--------------------+
; Device                                                                     ; EP2C35F672C6       ;                    ;
; Top-level entity name                                                      ; final_project      ; final_project      ;
; Family name                                                                ; Cyclone II         ; Cyclone IV GX      ;
; Use smart compilation                                                      ; Off                ; Off                ;
; Enable parallel Assembler and TimeQuest Timing Analyzer during compilation ; On                 ; On                 ;
; Enable compact report table                                                ; Off                ; Off                ;
; Restructure Multiplexers                                                   ; Auto               ; Auto               ;
; Create Debugging Nodes for IP Cores                                        ; Off                ; Off                ;
; Preserve fewer node names                                                  ; On                 ; On                 ;
; Disable OpenCore Plus hardware evaluation                                  ; Off                ; Off                ;
; Verilog Version                                                            ; Verilog_2001       ; Verilog_2001       ;
; VHDL Version                                                               ; VHDL_1993          ; VHDL_1993          ;
; State Machine Processing                                                   ; Auto               ; Auto               ;
; Safe State Machine                                                         ; Off                ; Off                ;
; Extract Verilog State Machines                                             ; On                 ; On                 ;
; Extract VHDL State Machines                                                ; On                 ; On                 ;
; Ignore Verilog initial constructs                                          ; Off                ; Off                ;
; Iteration limit for constant Verilog loops                                 ; 5000               ; 5000               ;
; Iteration limit for non-constant Verilog loops                             ; 250                ; 250                ;
; Add Pass-Through Logic to Inferred RAMs                                    ; On                 ; On                 ;
; Infer RAMs from Raw Logic                                                  ; On                 ; On                 ;
; Parallel Synthesis                                                         ; On                 ; On                 ;
; DSP Block Balancing                                                        ; Auto               ; Auto               ;
; NOT Gate Push-Back                                                         ; On                 ; On                 ;
; Power-Up Don't Care                                                        ; On                 ; On                 ;
; Remove Redundant Logic Cells                                               ; Off                ; Off                ;
; Remove Duplicate Registers                                                 ; On                 ; On                 ;
; Ignore CARRY Buffers                                                       ; Off                ; Off                ;
; Ignore CASCADE Buffers                                                     ; Off                ; Off                ;
; Ignore GLOBAL Buffers                                                      ; Off                ; Off                ;
; Ignore ROW GLOBAL Buffers                                                  ; Off                ; Off                ;
; Ignore LCELL Buffers                                                       ; Off                ; Off                ;
; Ignore SOFT Buffers                                                        ; On                 ; On                 ;
; Limit AHDL Integers to 32 Bits                                             ; Off                ; Off                ;
; Optimization Technique                                                     ; Balanced           ; Balanced           ;
; Carry Chain Length                                                         ; 70                 ; 70                 ;
; Auto Carry Chains                                                          ; On                 ; On                 ;
; Auto Open-Drain Pins                                                       ; On                 ; On                 ;
; Perform WYSIWYG Primitive Resynthesis                                      ; Off                ; Off                ;
; Auto ROM Replacement                                                       ; On                 ; On                 ;
; Auto RAM Replacement                                                       ; On                 ; On                 ;
; Auto Shift Register Replacement                                            ; Auto               ; Auto               ;
; Allow Shift Register Merging across Hierarchies                            ; Auto               ; Auto               ;
; Auto Clock Enable Replacement                                              ; On                 ; On                 ;
; Strict RAM Replacement                                                     ; Off                ; Off                ;
; Allow Synchronous Control Signals                                          ; On                 ; On                 ;
; Force Use of Synchronous Clear Signals                                     ; Off                ; Off                ;
; Auto RAM to Logic Cell Conversion                                          ; Off                ; Off                ;
; Auto Resource Sharing                                                      ; Off                ; Off                ;
; Allow Any RAM Size For Recognition                                         ; Off                ; Off                ;
; Allow Any ROM Size For Recognition                                         ; Off                ; Off                ;
; Allow Any Shift Register Size For Recognition                              ; Off                ; Off                ;
; Use LogicLock Constraints during Resource Balancing                        ; On                 ; On                 ;
; Ignore translate_off and synthesis_off directives                          ; Off                ; Off                ;
; Timing-Driven Synthesis                                                    ; Off                ; Off                ;
; Report Parameter Settings                                                  ; On                 ; On                 ;
; Report Source Assignments                                                  ; On                 ; On                 ;
; Report Connectivity Checks                                                 ; On                 ; On                 ;
; Ignore Maximum Fan-Out Assignments                                         ; Off                ; Off                ;
; Synchronization Register Chain Length                                      ; 2                  ; 2                  ;
; PowerPlay Power Optimization                                               ; Normal compilation ; Normal compilation ;
; HDL message level                                                          ; Level2             ; Level2             ;
; Suppress Register Optimization Related Messages                            ; Off                ; Off                ;
; Number of Removed Registers Reported in Synthesis Report                   ; 5000               ; 5000               ;
; Number of Swept Nodes Reported in Synthesis Report                         ; 5000               ; 5000               ;
; Number of Inverted Registers Reported in Synthesis Report                  ; 100                ; 100                ;
; Clock MUX Protection                                                       ; On                 ; On                 ;
; Auto Gated Clock Conversion                                                ; Off                ; Off                ;
; Block Design Naming                                                        ; Auto               ; Auto               ;
; SDC constraint protection                                                  ; Off                ; Off                ;
; Synthesis Effort                                                           ; Auto               ; Auto               ;
; Shift Register Replacement - Allow Asynchronous Clear Signal               ; On                 ; On                 ;
; Pre-Mapping Resynthesis Optimization                                       ; Off                ; Off                ;
; Analysis & Synthesis Message Level                                         ; Medium             ; Medium             ;
; Disable Register Merging Across Hierarchies                                ; Auto               ; Auto               ;
; Resource Aware Inference For Block RAM                                     ; On                 ; On                 ;
; Synthesis Seed                                                             ; 1                  ; 1                  ;
+----------------------------------------------------------------------------+--------------------+--------------------+


Parallel compilation was disabled, but you have multiple processors available. Enable parallel compilation to reduce compilation time.
+-------------------------------------+
; Parallel Compilation                ;
+----------------------------+--------+
; Processors                 ; Number ;
+----------------------------+--------+
; Number detected on machine ; 4      ;
; Maximum allowed            ; 1      ;
+----------------------------+--------+


+-----------------------------------------------------------------------------------------------------------------------------------------------------------------------------------------------------+
; Analysis & Synthesis Source Files Read                                                                                                                                                              ;
+----------------------------------+-----------------+----------------------------------------+---------------------------------------------------------------------------------------------+---------+
; File Name with User-Entered Path ; Used in Netlist ; File Type                              ; File Name with Absolute Path                                                                ; Library ;
+----------------------------------+-----------------+----------------------------------------+---------------------------------------------------------------------------------------------+---------+
; final_project.vhd                ; yes             ; User VHDL File                         ; D:/Biblioteca/Documentos/GitHub/trabalho_final_sda/quartusii_project/final_project.vhd      ;         ;
; ram_1_read.vhd                   ; yes             ; User Wizard-Generated File             ; D:/Biblioteca/Documentos/GitHub/trabalho_final_sda/quartusii_project/ram_1_read.vhd         ;         ;
; ram_2_write.vhd                  ; yes             ; User Wizard-Generated File             ; D:/Biblioteca/Documentos/GitHub/trabalho_final_sda/quartusii_project/ram_2_write.vhd        ;         ;
; altsyncram.tdf                   ; yes             ; Megafunction                           ; c:/altera/13.0sp1/quartus/libraries/megafunctions/altsyncram.tdf                            ;         ;
; stratix_ram_block.inc            ; yes             ; Megafunction                           ; c:/altera/13.0sp1/quartus/libraries/megafunctions/stratix_ram_block.inc                     ;         ;
; lpm_mux.inc                      ; yes             ; Megafunction                           ; c:/altera/13.0sp1/quartus/libraries/megafunctions/lpm_mux.inc                               ;         ;
; lpm_decode.inc                   ; yes             ; Megafunction                           ; c:/altera/13.0sp1/quartus/libraries/megafunctions/lpm_decode.inc                            ;         ;
; aglobal130.inc                   ; yes             ; Megafunction                           ; c:/altera/13.0sp1/quartus/libraries/megafunctions/aglobal130.inc                            ;         ;
; a_rdenreg.inc                    ; yes             ; Megafunction                           ; c:/altera/13.0sp1/quartus/libraries/megafunctions/a_rdenreg.inc                             ;         ;
; altrom.inc                       ; yes             ; Megafunction                           ; c:/altera/13.0sp1/quartus/libraries/megafunctions/altrom.inc                                ;         ;
; altram.inc                       ; yes             ; Megafunction                           ; c:/altera/13.0sp1/quartus/libraries/megafunctions/altram.inc                                ;         ;
; altdpram.inc                     ; yes             ; Megafunction                           ; c:/altera/13.0sp1/quartus/libraries/megafunctions/altdpram.inc                              ;         ;
; db/altsyncram_03f1.tdf           ; yes             ; Auto-Generated Megafunction            ; D:/Biblioteca/Documentos/GitHub/trabalho_final_sda/quartusii_project/db/altsyncram_03f1.tdf ;         ;
; db/altsyncram_tna2.tdf           ; yes             ; Auto-Generated Megafunction            ; D:/Biblioteca/Documentos/GitHub/trabalho_final_sda/quartusii_project/db/altsyncram_tna2.tdf ;         ;
; crash_mif.mif                    ; yes             ; Auto-Found Memory Initialization File  ; D:/Biblioteca/Documentos/GitHub/trabalho_final_sda/quartusii_project/crash_mif.mif          ;         ;
; sld_mod_ram_rom.vhd              ; yes             ; Encrypted Megafunction                 ; c:/altera/13.0sp1/quartus/libraries/megafunctions/sld_mod_ram_rom.vhd                       ;         ;
; sld_rom_sr.vhd                   ; yes             ; Encrypted Megafunction                 ; c:/altera/13.0sp1/quartus/libraries/megafunctions/sld_rom_sr.vhd                            ;         ;
; db/altsyncram_nnc1.tdf           ; yes             ; Auto-Generated Megafunction            ; D:/Biblioteca/Documentos/GitHub/trabalho_final_sda/quartusii_project/db/altsyncram_nnc1.tdf ;         ;
; db/altsyncram_jc82.tdf           ; yes             ; Auto-Generated Megafunction            ; D:/Biblioteca/Documentos/GitHub/trabalho_final_sda/quartusii_project/db/altsyncram_jc82.tdf ;         ;
; sld_hub.vhd                      ; yes             ; Encrypted Megafunction                 ; c:/altera/13.0sp1/quartus/libraries/megafunctions/sld_hub.vhd                               ;         ;
; sld_jtag_hub.vhd                 ; yes             ; Encrypted Megafunction                 ; c:/altera/13.0sp1/quartus/libraries/megafunctions/sld_jtag_hub.vhd                          ;         ;
+----------------------------------+-----------------+----------------------------------------+---------------------------------------------------------------------------------------------+---------+


+------------------------------------------------------------------------+
; Analysis & Synthesis Resource Usage Summary                            ;
+---------------------------------------------+--------------------------+
; Resource                                    ; Usage                    ;
+---------------------------------------------+--------------------------+
; Estimated Total logic elements              ; 316                      ;
;                                             ;                          ;
; Total combinational functions               ; 292                      ;
; Logic element usage by number of LUT inputs ;                          ;
;     -- 4 input functions                    ; 145                      ;
;     -- 3 input functions                    ; 65                       ;
;     -- <=2 input functions                  ; 82                       ;
;                                             ;                          ;
; Logic elements by mode                      ;                          ;
;     -- normal mode                          ; 256                      ;
;     -- arithmetic mode                      ; 36                       ;
;                                             ;                          ;
; Total registers                             ; 171                      ;
;     -- Dedicated logic registers            ; 171                      ;
;     -- I/O registers                        ; 0                        ;
;                                             ;                          ;
; I/O pins                                    ; 29                       ;
; Total memory bits                           ; 32768                    ;
; Embedded Multiplier 9-bit elements          ; 0                        ;
; Maximum fan-out node                        ; altera_internal_jtag~TDO ;
; Maximum fan-out                             ; 215                      ;
; Total fan-out                               ; 1803                     ;
; Average fan-out                             ; 3.51                     ;
+---------------------------------------------+--------------------------+


+-------------------------------------------------------------------------------------------------------------------------------------------------------------------------------------------------------------------------------------------------------------------------------------------------------------------------------------------------------------------------------+
; Analysis & Synthesis Resource Utilization by Entity                                                                                                                                                                                                                                                                                                                           ;
+---------------------------------------------------------------------+-------------------+--------------+-------------+--------------+---------+-----------+------+--------------+------------------------------------------------------------------------------------------------------------------------------------------------------------------------------+--------------+
; Compilation Hierarchy Node                                          ; LC Combinationals ; LC Registers ; Memory Bits ; DSP Elements ; DSP 9x9 ; DSP 18x18 ; Pins ; Virtual Pins ; Full Hierarchy Name                                                                                                                                                          ; Library Name ;
+---------------------------------------------------------------------+-------------------+--------------+-------------+--------------+---------+-----------+------+--------------+------------------------------------------------------------------------------------------------------------------------------------------------------------------------------+--------------+
; |final_project                                                      ; 292 (1)           ; 171 (0)      ; 32768       ; 0            ; 0       ; 0         ; 29   ; 0            ; |final_project                                                                                                                                                               ; work         ;
;    |ram_1_read:ram_1|                                               ; 66 (0)            ; 37 (0)       ; 16384       ; 0            ; 0       ; 0         ; 0    ; 0            ; |final_project|ram_1_read:ram_1                                                                                                                                              ; work         ;
;       |altsyncram:altsyncram_component|                             ; 66 (0)            ; 37 (0)       ; 16384       ; 0            ; 0       ; 0         ; 0    ; 0            ; |final_project|ram_1_read:ram_1|altsyncram:altsyncram_component                                                                                                              ; work         ;
;          |altsyncram_03f1:auto_generated|                           ; 66 (0)            ; 37 (0)       ; 16384       ; 0            ; 0       ; 0         ; 0    ; 0            ; |final_project|ram_1_read:ram_1|altsyncram:altsyncram_component|altsyncram_03f1:auto_generated                                                                               ; work         ;
;             |altsyncram_tna2:altsyncram1|                           ; 0 (0)             ; 0 (0)        ; 16384       ; 0            ; 0       ; 0         ; 0    ; 0            ; |final_project|ram_1_read:ram_1|altsyncram:altsyncram_component|altsyncram_03f1:auto_generated|altsyncram_tna2:altsyncram1                                                   ; work         ;
;             |sld_mod_ram_rom:mgl_prim2|                             ; 66 (41)           ; 37 (28)      ; 0           ; 0            ; 0       ; 0         ; 0    ; 0            ; |final_project|ram_1_read:ram_1|altsyncram:altsyncram_component|altsyncram_03f1:auto_generated|sld_mod_ram_rom:mgl_prim2                                                     ; work         ;
;                |sld_rom_sr:\ram_rom_logic_gen:name_gen:info_rom_sr| ; 25 (25)           ; 9 (9)        ; 0           ; 0            ; 0       ; 0         ; 0    ; 0            ; |final_project|ram_1_read:ram_1|altsyncram:altsyncram_component|altsyncram_03f1:auto_generated|sld_mod_ram_rom:mgl_prim2|sld_rom_sr:\ram_rom_logic_gen:name_gen:info_rom_sr  ; work         ;
;    |ram_2_write:ram_2|                                              ; 65 (0)            ; 37 (0)       ; 16384       ; 0            ; 0       ; 0         ; 0    ; 0            ; |final_project|ram_2_write:ram_2                                                                                                                                             ; work         ;
;       |altsyncram:altsyncram_component|                             ; 65 (0)            ; 37 (0)       ; 16384       ; 0            ; 0       ; 0         ; 0    ; 0            ; |final_project|ram_2_write:ram_2|altsyncram:altsyncram_component                                                                                                             ; work         ;
;          |altsyncram_nnc1:auto_generated|                           ; 65 (0)            ; 37 (0)       ; 16384       ; 0            ; 0       ; 0         ; 0    ; 0            ; |final_project|ram_2_write:ram_2|altsyncram:altsyncram_component|altsyncram_nnc1:auto_generated                                                                              ; work         ;
;             |altsyncram_jc82:altsyncram1|                           ; 0 (0)             ; 0 (0)        ; 16384       ; 0            ; 0       ; 0         ; 0    ; 0            ; |final_project|ram_2_write:ram_2|altsyncram:altsyncram_component|altsyncram_nnc1:auto_generated|altsyncram_jc82:altsyncram1                                                  ; work         ;
;             |sld_mod_ram_rom:mgl_prim2|                             ; 65 (40)           ; 37 (28)      ; 0           ; 0            ; 0       ; 0         ; 0    ; 0            ; |final_project|ram_2_write:ram_2|altsyncram:altsyncram_component|altsyncram_nnc1:auto_generated|sld_mod_ram_rom:mgl_prim2                                                    ; work         ;
;                |sld_rom_sr:\ram_rom_logic_gen:name_gen:info_rom_sr| ; 25 (25)           ; 9 (9)        ; 0           ; 0            ; 0       ; 0         ; 0    ; 0            ; |final_project|ram_2_write:ram_2|altsyncram:altsyncram_component|altsyncram_nnc1:auto_generated|sld_mod_ram_rom:mgl_prim2|sld_rom_sr:\ram_rom_logic_gen:name_gen:info_rom_sr ; work         ;
;    |sld_hub:auto_hub|                                               ; 160 (1)           ; 97 (0)       ; 0           ; 0            ; 0       ; 0         ; 0    ; 0            ; |final_project|sld_hub:auto_hub                                                                                                                                              ; work         ;
;       |sld_jtag_hub:\jtag_hub_gen:sld_jtag_hub_inst|                ; 159 (121)         ; 97 (69)      ; 0           ; 0            ; 0       ; 0         ; 0    ; 0            ; |final_project|sld_hub:auto_hub|sld_jtag_hub:\jtag_hub_gen:sld_jtag_hub_inst                                                                                                 ; work         ;
;          |sld_rom_sr:hub_info_reg|                                  ; 21 (21)           ; 9 (9)        ; 0           ; 0            ; 0       ; 0         ; 0    ; 0            ; |final_project|sld_hub:auto_hub|sld_jtag_hub:\jtag_hub_gen:sld_jtag_hub_inst|sld_rom_sr:hub_info_reg                                                                         ; work         ;
;          |sld_shadow_jsm:shadow_jsm|                                ; 17 (17)           ; 19 (19)      ; 0           ; 0            ; 0       ; 0         ; 0    ; 0            ; |final_project|sld_hub:auto_hub|sld_jtag_hub:\jtag_hub_gen:sld_jtag_hub_inst|sld_shadow_jsm:shadow_jsm                                                                       ; work         ;
+---------------------------------------------------------------------+-------------------+--------------+-------------+--------------+---------+-----------+------+--------------+------------------------------------------------------------------------------------------------------------------------------------------------------------------------------+--------------+
Note: For table entries with two numbers listed, the numbers in parentheses indicate the number of resources of the given type used by the specific entity alone. The numbers listed outside of parentheses indicate the total resources of the given type used by the specific entity and all of its sub-entities in the hierarchy.


+-------------------------------------------------------------------------------------------------------------------------------------------------------------------------------------------------------------------------------------+
; Analysis & Synthesis RAM Summary                                                                                                                                                                                                    ;
+-------------------------------------------------------------------------------------------------------------------------+------+----------------+--------------+--------------+--------------+--------------+-------+---------------+
; Name                                                                                                                    ; Type ; Mode           ; Port A Depth ; Port A Width ; Port B Depth ; Port B Width ; Size  ; MIF           ;
+-------------------------------------------------------------------------------------------------------------------------+------+----------------+--------------+--------------+--------------+--------------+-------+---------------+
; ram_1_read:ram_1|altsyncram:altsyncram_component|altsyncram_03f1:auto_generated|altsyncram_tna2:altsyncram1|ALTSYNCRAM  ; AUTO ; True Dual Port ; 2048         ; 8            ; 2048         ; 8            ; 16384 ; crash_mif.mif ;
; ram_2_write:ram_2|altsyncram:altsyncram_component|altsyncram_nnc1:auto_generated|altsyncram_jc82:altsyncram1|ALTSYNCRAM ; AUTO ; True Dual Port ; 2048         ; 8            ; 2048         ; 8            ; 16384 ; None          ;
+-------------------------------------------------------------------------------------------------------------------------+------+----------------+--------------+--------------+--------------+--------------+-------+---------------+


+-----------------------------------------------------------------------------------------------------------------------------------------------------------------------------------------+
; Analysis & Synthesis IP Cores Summary                                                                                                                                                   ;
+--------+--------------+---------+--------------+--------------+----------------------------------+--------------------------------------------------------------------------------------+
; Vendor ; IP Core Name ; Version ; Release Date ; License Type ; Entity Instance                  ; IP Include File                                                                      ;
+--------+--------------+---------+--------------+--------------+----------------------------------+--------------------------------------------------------------------------------------+
; Altera ; RAM: 1-PORT  ; 13.0    ; N/A          ; N/A          ; |final_project|ram_1_read:ram_1  ; D:/Biblioteca/Documentos/GitHub/trabalho_final_sda/quartusii_project/ram_1_read.vhd  ;
; Altera ; RAM: 1-PORT  ; 13.0    ; N/A          ; N/A          ; |final_project|ram_2_write:ram_2 ; D:/Biblioteca/Documentos/GitHub/trabalho_final_sda/quartusii_project/ram_2_write.vhd ;
+--------+--------------+---------+--------------+--------------+----------------------------------+--------------------------------------------------------------------------------------+


+------------------------------------------------------------------------------------------------------------------------------------------------------------------------------------+
; Registers Removed During Synthesis                                                                                                                                                 ;
+-------------------------------------------------------------------------------------------------------------------------------------------+----------------------------------------+
; Register name                                                                                                                             ; Reason for Removal                     ;
+-------------------------------------------------------------------------------------------------------------------------------------------+----------------------------------------+
; ram_1_read:ram_1|altsyncram:altsyncram_component|altsyncram_03f1:auto_generated|sld_mod_ram_rom:mgl_prim2|ram_rom_data_shift_cntr_reg[3]  ; Stuck at GND due to stuck port data_in ;
; ram_2_write:ram_2|altsyncram:altsyncram_component|altsyncram_nnc1:auto_generated|sld_mod_ram_rom:mgl_prim2|ram_rom_data_shift_cntr_reg[3] ; Stuck at GND due to stuck port data_in ;
; Total Number of Removed Registers = 2                                                                                                     ;                                        ;
+-------------------------------------------------------------------------------------------------------------------------------------------+----------------------------------------+


+------------------------------------------------------+
; General Register Statistics                          ;
+----------------------------------------------+-------+
; Statistic                                    ; Value ;
+----------------------------------------------+-------+
; Total registers                              ; 171   ;
; Number of registers using Synchronous Clear  ; 22    ;
; Number of registers using Synchronous Load   ; 35    ;
; Number of registers using Asynchronous Clear ; 85    ;
; Number of registers using Asynchronous Load  ; 0     ;
; Number of registers using Clock Enable       ; 133   ;
; Number of registers using Preset             ; 0     ;
+----------------------------------------------+-------+


+----------------------------------------------------------------------------------------+
; Inverted Register Statistics                                                           ;
+------------------------------------------------------------------------------+---------+
; Inverted Register                                                            ; Fan out ;
+------------------------------------------------------------------------------+---------+
; sld_hub:auto_hub|sld_jtag_hub:\jtag_hub_gen:sld_jtag_hub_inst|tdo            ; 1       ;
; sld_hub:auto_hub|sld_jtag_hub:\jtag_hub_gen:sld_jtag_hub_inst|jtag_ir_reg[2] ; 2       ;
; sld_hub:auto_hub|sld_jtag_hub:\jtag_hub_gen:sld_jtag_hub_inst|jtag_ir_reg[1] ; 3       ;
; Total number of inverted registers = 3                                       ;         ;
+------------------------------------------------------------------------------+---------+


+------------------------------------------------------------------------------------------------------------------------------------------------------------------------------------------------------------------------------------------------------------------------------------------------------------+
; Multiplexer Restructuring Statistics (Restructuring Performed)                                                                                                                                                                                                                                             ;
+--------------------+-----------+---------------+----------------------+------------------------+------------+----------------------------------------------------------------------------------------------------------------------------------------------------------------------------------------------+
; Multiplexer Inputs ; Bus Width ; Baseline Area ; Area if Restructured ; Saving if Restructured ; Registered ; Example Multiplexer Output                                                                                                                                                                   ;
+--------------------+-----------+---------------+----------------------+------------------------+------------+----------------------------------------------------------------------------------------------------------------------------------------------------------------------------------------------+
; 3:1                ; 4 bits    ; 8 LEs         ; 4 LEs                ; 4 LEs                  ; Yes        ; |final_project|ram_1_read:ram_1|altsyncram:altsyncram_component|altsyncram_03f1:auto_generated|sld_mod_ram_rom:mgl_prim2|ram_rom_data_shift_cntr_reg[0]                                      ;
; 3:1                ; 8 bits    ; 16 LEs        ; 8 LEs                ; 8 LEs                  ; Yes        ; |final_project|ram_1_read:ram_1|altsyncram:altsyncram_component|altsyncram_03f1:auto_generated|sld_mod_ram_rom:mgl_prim2|ram_rom_data_reg[4]                                                 ;
; 3:1                ; 4 bits    ; 8 LEs         ; 4 LEs                ; 4 LEs                  ; Yes        ; |final_project|ram_2_write:ram_2|altsyncram:altsyncram_component|altsyncram_nnc1:auto_generated|sld_mod_ram_rom:mgl_prim2|ram_rom_data_shift_cntr_reg[0]                                     ;
; 3:1                ; 8 bits    ; 16 LEs        ; 8 LEs                ; 8 LEs                  ; Yes        ; |final_project|ram_2_write:ram_2|altsyncram:altsyncram_component|altsyncram_nnc1:auto_generated|sld_mod_ram_rom:mgl_prim2|ram_rom_data_reg[3]                                                ;
; 3:1                ; 11 bits   ; 22 LEs        ; 11 LEs               ; 11 LEs                 ; Yes        ; |final_project|ram_1_read:ram_1|altsyncram:altsyncram_component|altsyncram_03f1:auto_generated|sld_mod_ram_rom:mgl_prim2|ram_rom_addr_reg[0]                                                 ;
; 3:1                ; 11 bits   ; 22 LEs        ; 11 LEs               ; 11 LEs                 ; Yes        ; |final_project|ram_2_write:ram_2|altsyncram:altsyncram_component|altsyncram_nnc1:auto_generated|sld_mod_ram_rom:mgl_prim2|ram_rom_addr_reg[8]                                                ;
; 5:1                ; 5 bits    ; 15 LEs        ; 5 LEs                ; 10 LEs                 ; Yes        ; |final_project|ram_1_read:ram_1|altsyncram:altsyncram_component|altsyncram_03f1:auto_generated|sld_mod_ram_rom:mgl_prim2|sld_rom_sr:\ram_rom_logic_gen:name_gen:info_rom_sr|word_counter[4]  ;
; 5:1                ; 5 bits    ; 15 LEs        ; 5 LEs                ; 10 LEs                 ; Yes        ; |final_project|ram_2_write:ram_2|altsyncram:altsyncram_component|altsyncram_nnc1:auto_generated|sld_mod_ram_rom:mgl_prim2|sld_rom_sr:\ram_rom_logic_gen:name_gen:info_rom_sr|word_counter[3] ;
; 24:1               ; 4 bits    ; 64 LEs        ; 44 LEs               ; 20 LEs                 ; Yes        ; |final_project|ram_1_read:ram_1|altsyncram:altsyncram_component|altsyncram_03f1:auto_generated|sld_mod_ram_rom:mgl_prim2|sld_rom_sr:\ram_rom_logic_gen:name_gen:info_rom_sr|WORD_SR[1]       ;
; 24:1               ; 4 bits    ; 64 LEs        ; 44 LEs               ; 20 LEs                 ; Yes        ; |final_project|ram_2_write:ram_2|altsyncram:altsyncram_component|altsyncram_nnc1:auto_generated|sld_mod_ram_rom:mgl_prim2|sld_rom_sr:\ram_rom_logic_gen:name_gen:info_rom_sr|WORD_SR[1]      ;
; 3:1                ; 4 bits    ; 8 LEs         ; 4 LEs                ; 4 LEs                  ; Yes        ; |final_project|sld_hub:auto_hub|sld_jtag_hub:\jtag_hub_gen:sld_jtag_hub_inst|hub_minor_ver_reg[1]                                                                                            ;
; 4:1                ; 5 bits    ; 10 LEs        ; 5 LEs                ; 5 LEs                  ; Yes        ; |final_project|sld_hub:auto_hub|sld_jtag_hub:\jtag_hub_gen:sld_jtag_hub_inst|mixer_addr_reg[0]                                                                                               ;
; 6:1                ; 5 bits    ; 20 LEs        ; 5 LEs                ; 15 LEs                 ; Yes        ; |final_project|sld_hub:auto_hub|sld_jtag_hub:\jtag_hub_gen:sld_jtag_hub_inst|irf_reg[2][0]                                                                                                   ;
; 6:1                ; 5 bits    ; 20 LEs        ; 5 LEs                ; 15 LEs                 ; Yes        ; |final_project|sld_hub:auto_hub|sld_jtag_hub:\jtag_hub_gen:sld_jtag_hub_inst|irf_reg[1][0]                                                                                                   ;
; 5:1                ; 5 bits    ; 15 LEs        ; 5 LEs                ; 10 LEs                 ; Yes        ; |final_project|sld_hub:auto_hub|sld_jtag_hub:\jtag_hub_gen:sld_jtag_hub_inst|sld_rom_sr:hub_info_reg|word_counter[4]                                                                         ;
; 6:1                ; 5 bits    ; 20 LEs        ; 5 LEs                ; 15 LEs                 ; Yes        ; |final_project|sld_hub:auto_hub|sld_jtag_hub:\jtag_hub_gen:sld_jtag_hub_inst|shadow_irf_reg[2][1]                                                                                            ;
; 6:1                ; 5 bits    ; 20 LEs        ; 5 LEs                ; 15 LEs                 ; Yes        ; |final_project|sld_hub:auto_hub|sld_jtag_hub:\jtag_hub_gen:sld_jtag_hub_inst|shadow_irf_reg[1][3]                                                                                            ;
; 8:1                ; 5 bits    ; 25 LEs        ; 10 LEs               ; 15 LEs                 ; Yes        ; |final_project|sld_hub:auto_hub|sld_jtag_hub:\jtag_hub_gen:sld_jtag_hub_inst|irsr_reg[3]                                                                                                     ;
; 34:1               ; 4 bits    ; 88 LEs        ; 56 LEs               ; 32 LEs                 ; Yes        ; |final_project|sld_hub:auto_hub|sld_jtag_hub:\jtag_hub_gen:sld_jtag_hub_inst|design_hash_reg[1]                                                                                              ;
; 28:1               ; 4 bits    ; 72 LEs        ; 36 LEs               ; 36 LEs                 ; Yes        ; |final_project|sld_hub:auto_hub|sld_jtag_hub:\jtag_hub_gen:sld_jtag_hub_inst|sld_rom_sr:hub_info_reg|WORD_SR[0]                                                                              ;
+--------------------+-----------+---------------+----------------------+------------------------+------------+----------------------------------------------------------------------------------------------------------------------------------------------------------------------------------------------+


+------------------------------------------------------------------------------------------------------------------------------------+
; Source assignments for ram_1_read:ram_1|altsyncram:altsyncram_component|altsyncram_03f1:auto_generated|altsyncram_tna2:altsyncram1 ;
+---------------------------------+--------------------+------+----------------------------------------------------------------------+
; Assignment                      ; Value              ; From ; To                                                                   ;
+---------------------------------+--------------------+------+----------------------------------------------------------------------+
; OPTIMIZE_POWER_DURING_SYNTHESIS ; NORMAL_COMPILATION ; -    ; -                                                                    ;
+---------------------------------+--------------------+------+----------------------------------------------------------------------+


+-------------------------------------------------------------------------------------------------------------------------------------+
; Source assignments for ram_2_write:ram_2|altsyncram:altsyncram_component|altsyncram_nnc1:auto_generated|altsyncram_jc82:altsyncram1 ;
+---------------------------------+--------------------+------+-----------------------------------------------------------------------+
; Assignment                      ; Value              ; From ; To                                                                    ;
+---------------------------------+--------------------+------+-----------------------------------------------------------------------+
; OPTIMIZE_POWER_DURING_SYNTHESIS ; NORMAL_COMPILATION ; -    ; -                                                                     ;
+---------------------------------+--------------------+------+-----------------------------------------------------------------------+


+-------------------------------------------------------------------------------+
; Parameter Settings for User Entity Instance: Top-level Entity: |final_project ;
+----------------+--------+-----------------------------------------------------+
; Parameter Name ; Value  ; Type                                                ;
+----------------+--------+-----------------------------------------------------+
; DATA_WIDTH     ; 8      ; Signed Integer                                      ;
; DATA_DEPTH     ; 175987 ; Signed Integer                                      ;
+----------------+--------+-----------------------------------------------------+
Note: In order to hide this table in the UI and the text report file, please set the "Show Parameter Settings in Synthesis Report" option in "Analysis and Synthesis Settings -> More Settings" to "Off".


+-----------------------------------------------------------------------------------------------+
; Parameter Settings for User Entity Instance: ram_1_read:ram_1|altsyncram:altsyncram_component ;
+------------------------------------+----------------------+-----------------------------------+
; Parameter Name                     ; Value                ; Type                              ;
+------------------------------------+----------------------+-----------------------------------+
; BYTE_SIZE_BLOCK                    ; 8                    ; Untyped                           ;
; AUTO_CARRY_CHAINS                  ; ON                   ; AUTO_CARRY                        ;
; IGNORE_CARRY_BUFFERS               ; OFF                  ; IGNORE_CARRY                      ;
; AUTO_CASCADE_CHAINS                ; ON                   ; AUTO_CASCADE                      ;
; IGNORE_CASCADE_BUFFERS             ; OFF                  ; IGNORE_CASCADE                    ;
; WIDTH_BYTEENA                      ; 1                    ; Untyped                           ;
; OPERATION_MODE                     ; SINGLE_PORT          ; Untyped                           ;
; WIDTH_A                            ; 8                    ; Signed Integer                    ;
; WIDTHAD_A                          ; 11                   ; Signed Integer                    ;
; NUMWORDS_A                         ; 2048                 ; Signed Integer                    ;
; OUTDATA_REG_A                      ; UNREGISTERED         ; Untyped                           ;
; ADDRESS_ACLR_A                     ; NONE                 ; Untyped                           ;
; OUTDATA_ACLR_A                     ; NONE                 ; Untyped                           ;
; WRCONTROL_ACLR_A                   ; NONE                 ; Untyped                           ;
; INDATA_ACLR_A                      ; NONE                 ; Untyped                           ;
; BYTEENA_ACLR_A                     ; NONE                 ; Untyped                           ;
; WIDTH_B                            ; 1                    ; Untyped                           ;
; WIDTHAD_B                          ; 1                    ; Untyped                           ;
; NUMWORDS_B                         ; 1                    ; Untyped                           ;
; INDATA_REG_B                       ; CLOCK1               ; Untyped                           ;
; WRCONTROL_WRADDRESS_REG_B          ; CLOCK1               ; Untyped                           ;
; RDCONTROL_REG_B                    ; CLOCK1               ; Untyped                           ;
; ADDRESS_REG_B                      ; CLOCK1               ; Untyped                           ;
; OUTDATA_REG_B                      ; UNREGISTERED         ; Untyped                           ;
; BYTEENA_REG_B                      ; CLOCK1               ; Untyped                           ;
; INDATA_ACLR_B                      ; NONE                 ; Untyped                           ;
; WRCONTROL_ACLR_B                   ; NONE                 ; Untyped                           ;
; ADDRESS_ACLR_B                     ; NONE                 ; Untyped                           ;
; OUTDATA_ACLR_B                     ; NONE                 ; Untyped                           ;
; RDCONTROL_ACLR_B                   ; NONE                 ; Untyped                           ;
; BYTEENA_ACLR_B                     ; NONE                 ; Untyped                           ;
; WIDTH_BYTEENA_A                    ; 1                    ; Signed Integer                    ;
; WIDTH_BYTEENA_B                    ; 1                    ; Untyped                           ;
; RAM_BLOCK_TYPE                     ; AUTO                 ; Untyped                           ;
; BYTE_SIZE                          ; 8                    ; Untyped                           ;
; READ_DURING_WRITE_MODE_MIXED_PORTS ; DONT_CARE            ; Untyped                           ;
; READ_DURING_WRITE_MODE_PORT_A      ; NEW_DATA_NO_NBE_READ ; Untyped                           ;
; READ_DURING_WRITE_MODE_PORT_B      ; NEW_DATA_NO_NBE_READ ; Untyped                           ;
; INIT_FILE                          ; crash_mif.mif        ; Untyped                           ;
; INIT_FILE_LAYOUT                   ; PORT_A               ; Untyped                           ;
; MAXIMUM_DEPTH                      ; 0                    ; Untyped                           ;
; CLOCK_ENABLE_INPUT_A               ; BYPASS               ; Untyped                           ;
; CLOCK_ENABLE_INPUT_B               ; NORMAL               ; Untyped                           ;
; CLOCK_ENABLE_OUTPUT_A              ; BYPASS               ; Untyped                           ;
; CLOCK_ENABLE_OUTPUT_B              ; NORMAL               ; Untyped                           ;
; CLOCK_ENABLE_CORE_A                ; USE_INPUT_CLKEN      ; Untyped                           ;
; CLOCK_ENABLE_CORE_B                ; USE_INPUT_CLKEN      ; Untyped                           ;
; ENABLE_ECC                         ; FALSE                ; Untyped                           ;
; ECC_PIPELINE_STAGE_ENABLED         ; FALSE                ; Untyped                           ;
; WIDTH_ECCSTATUS                    ; 3                    ; Untyped                           ;
; DEVICE_FAMILY                      ; Cyclone II           ; Untyped                           ;
; CBXI_PARAMETER                     ; altsyncram_03f1      ; Untyped                           ;
+------------------------------------+----------------------+-----------------------------------+
Note: In order to hide this table in the UI and the text report file, please set the "Show Parameter Settings in Synthesis Report" option in "Analysis and Synthesis Settings -> More Settings" to "Off".


+------------------------------------------------------------------------------------------------+
; Parameter Settings for User Entity Instance: ram_2_write:ram_2|altsyncram:altsyncram_component ;
+------------------------------------+----------------------+------------------------------------+
; Parameter Name                     ; Value                ; Type                               ;
+------------------------------------+----------------------+------------------------------------+
; BYTE_SIZE_BLOCK                    ; 8                    ; Untyped                            ;
; AUTO_CARRY_CHAINS                  ; ON                   ; AUTO_CARRY                         ;
; IGNORE_CARRY_BUFFERS               ; OFF                  ; IGNORE_CARRY                       ;
; AUTO_CASCADE_CHAINS                ; ON                   ; AUTO_CASCADE                       ;
; IGNORE_CASCADE_BUFFERS             ; OFF                  ; IGNORE_CASCADE                     ;
; WIDTH_BYTEENA                      ; 1                    ; Untyped                            ;
; OPERATION_MODE                     ; SINGLE_PORT          ; Untyped                            ;
; WIDTH_A                            ; 8                    ; Signed Integer                     ;
; WIDTHAD_A                          ; 11                   ; Signed Integer                     ;
; NUMWORDS_A                         ; 2048                 ; Signed Integer                     ;
; OUTDATA_REG_A                      ; UNREGISTERED         ; Untyped                            ;
; ADDRESS_ACLR_A                     ; NONE                 ; Untyped                            ;
; OUTDATA_ACLR_A                     ; NONE                 ; Untyped                            ;
; WRCONTROL_ACLR_A                   ; NONE                 ; Untyped                            ;
; INDATA_ACLR_A                      ; NONE                 ; Untyped                            ;
; BYTEENA_ACLR_A                     ; NONE                 ; Untyped                            ;
; WIDTH_B                            ; 1                    ; Untyped                            ;
; WIDTHAD_B                          ; 1                    ; Untyped                            ;
; NUMWORDS_B                         ; 1                    ; Untyped                            ;
; INDATA_REG_B                       ; CLOCK1               ; Untyped                            ;
; WRCONTROL_WRADDRESS_REG_B          ; CLOCK1               ; Untyped                            ;
; RDCONTROL_REG_B                    ; CLOCK1               ; Untyped                            ;
; ADDRESS_REG_B                      ; CLOCK1               ; Untyped                            ;
; OUTDATA_REG_B                      ; UNREGISTERED         ; Untyped                            ;
; BYTEENA_REG_B                      ; CLOCK1               ; Untyped                            ;
; INDATA_ACLR_B                      ; NONE                 ; Untyped                            ;
; WRCONTROL_ACLR_B                   ; NONE                 ; Untyped                            ;
; ADDRESS_ACLR_B                     ; NONE                 ; Untyped                            ;
; OUTDATA_ACLR_B                     ; NONE                 ; Untyped                            ;
; RDCONTROL_ACLR_B                   ; NONE                 ; Untyped                            ;
; BYTEENA_ACLR_B                     ; NONE                 ; Untyped                            ;
; WIDTH_BYTEENA_A                    ; 1                    ; Signed Integer                     ;
; WIDTH_BYTEENA_B                    ; 1                    ; Untyped                            ;
; RAM_BLOCK_TYPE                     ; AUTO                 ; Untyped                            ;
; BYTE_SIZE                          ; 8                    ; Untyped                            ;
; READ_DURING_WRITE_MODE_MIXED_PORTS ; DONT_CARE            ; Untyped                            ;
; READ_DURING_WRITE_MODE_PORT_A      ; NEW_DATA_NO_NBE_READ ; Untyped                            ;
; READ_DURING_WRITE_MODE_PORT_B      ; NEW_DATA_NO_NBE_READ ; Untyped                            ;
; INIT_FILE                          ; UNUSED               ; Untyped                            ;
; INIT_FILE_LAYOUT                   ; PORT_A               ; Untyped                            ;
; MAXIMUM_DEPTH                      ; 0                    ; Untyped                            ;
; CLOCK_ENABLE_INPUT_A               ; BYPASS               ; Untyped                            ;
; CLOCK_ENABLE_INPUT_B               ; NORMAL               ; Untyped                            ;
; CLOCK_ENABLE_OUTPUT_A              ; BYPASS               ; Untyped                            ;
; CLOCK_ENABLE_OUTPUT_B              ; NORMAL               ; Untyped                            ;
; CLOCK_ENABLE_CORE_A                ; USE_INPUT_CLKEN      ; Untyped                            ;
; CLOCK_ENABLE_CORE_B                ; USE_INPUT_CLKEN      ; Untyped                            ;
; ENABLE_ECC                         ; FALSE                ; Untyped                            ;
; ECC_PIPELINE_STAGE_ENABLED         ; FALSE                ; Untyped                            ;
; WIDTH_ECCSTATUS                    ; 3                    ; Untyped                            ;
; DEVICE_FAMILY                      ; Cyclone II           ; Untyped                            ;
; CBXI_PARAMETER                     ; altsyncram_nnc1      ; Untyped                            ;
+------------------------------------+----------------------+------------------------------------+
Note: In order to hide this table in the UI and the text report file, please set the "Show Parameter Settings in Synthesis Report" option in "Analysis and Synthesis Settings -> More Settings" to "Off".


+-----------------------------------------------------------------------------------------------+
; altsyncram Parameter Settings by Entity Instance                                              ;
+-------------------------------------------+---------------------------------------------------+
; Name                                      ; Value                                             ;
+-------------------------------------------+---------------------------------------------------+
; Number of entity instances                ; 2                                                 ;
; Entity Instance                           ; ram_1_read:ram_1|altsyncram:altsyncram_component  ;
;     -- OPERATION_MODE                     ; SINGLE_PORT                                       ;
;     -- WIDTH_A                            ; 8                                                 ;
;     -- NUMWORDS_A                         ; 2048                                              ;
;     -- OUTDATA_REG_A                      ; UNREGISTERED                                      ;
;     -- WIDTH_B                            ; 1                                                 ;
;     -- NUMWORDS_B                         ; 1                                                 ;
;     -- ADDRESS_REG_B                      ; CLOCK1                                            ;
;     -- OUTDATA_REG_B                      ; UNREGISTERED                                      ;
;     -- RAM_BLOCK_TYPE                     ; AUTO                                              ;
;     -- READ_DURING_WRITE_MODE_MIXED_PORTS ; DONT_CARE                                         ;
; Entity Instance                           ; ram_2_write:ram_2|altsyncram:altsyncram_component ;
;     -- OPERATION_MODE                     ; SINGLE_PORT                                       ;
;     -- WIDTH_A                            ; 8                                                 ;
;     -- NUMWORDS_A                         ; 2048                                              ;
;     -- OUTDATA_REG_A                      ; UNREGISTERED                                      ;
;     -- WIDTH_B                            ; 1                                                 ;
;     -- NUMWORDS_B                         ; 1                                                 ;
;     -- ADDRESS_REG_B                      ; CLOCK1                                            ;
;     -- OUTDATA_REG_B                      ; UNREGISTERED                                      ;
;     -- RAM_BLOCK_TYPE                     ; AUTO                                              ;
;     -- READ_DURING_WRITE_MODE_MIXED_PORTS ; DONT_CARE                                         ;
+-------------------------------------------+---------------------------------------------------+


+-------------------------------------------------------------------------------------------------------------------+
; Port Connectivity Checks: "ram_2_write:ram_2"                                                                     ;
+---------+--------+----------+-------------------------------------------------------------------------------------+
; Port    ; Type   ; Severity ; Details                                                                             ;
+---------+--------+----------+-------------------------------------------------------------------------------------+
; address ; Input  ; Info     ; Stuck at GND                                                                        ;
; q       ; Output ; Info     ; Connected to dangling logic. Logic that only feeds a dangling port will be removed. ;
+---------+--------+----------+-------------------------------------------------------------------------------------+


+----------------------------------------------------------------------------------------------------------------+
; Port Connectivity Checks: "ram_1_read:ram_1"                                                                   ;
+------+--------+----------+-------------------------------------------------------------------------------------+
; Port ; Type   ; Severity ; Details                                                                             ;
+------+--------+----------+-------------------------------------------------------------------------------------+
; q    ; Output ; Info     ; Connected to dangling logic. Logic that only feeds a dangling port will be removed. ;
+------+--------+----------+-------------------------------------------------------------------------------------+


+----------------------------------------------------------------------------------------------------------------------------------------------+
; In-System Memory Content Editor Settings                                                                                                     ;
+----------------+-------------+-------+-------+------------+----------------------------------------------------------------------------------+
; Instance Index ; Instance ID ; Width ; Depth ; Mode       ; Hierarchy Location                                                               ;
+----------------+-------------+-------+-------+------------+----------------------------------------------------------------------------------+
; 0              ; 0001        ; 8     ; 2048  ; Read/Write ; ram_1_read:ram_1|altsyncram:altsyncram_component|altsyncram_03f1:auto_generated  ;
; 1              ; 0002        ; 8     ; 2048  ; Read/Write ; ram_2_write:ram_2|altsyncram:altsyncram_component|altsyncram_nnc1:auto_generated ;
+----------------+-------------+-------+-------+------------+----------------------------------------------------------------------------------+


+---------------------------------+
; Elapsed Time Per Partition      ;
+------------------+--------------+
; Partition Name   ; Elapsed Time ;
+------------------+--------------+
; Top              ; 00:00:00     ;
; sld_hub:auto_hub ; 00:00:00     ;
+------------------+--------------+


+-------------------------------+
; Analysis & Synthesis Messages ;
+-------------------------------+
Info: *******************************************************************
Info: Running Quartus II 64-Bit Analysis & Synthesis
    Info: Version 13.0.1 Build 232 06/12/2013 Service Pack 1 SJ Web Edition
    Info: Processing started: Wed Mar 29 10:07:59 2017
Info: Command: quartus_map --read_settings_files=on --write_settings_files=off final_project -c final_project
Warning (20028): Parallel compilation is not licensed and has been disabled
Info (12021): Found 2 design units, including 1 entities, in source file final_project.vhd
    Info (12022): Found design unit 1: final_project-behavior
    Info (12023): Found entity 1: final_project
Info (12021): Found 2 design units, including 1 entities, in source file ram_1_read.vhd
    Info (12022): Found design unit 1: ram_1_read-SYN
    Info (12023): Found entity 1: ram_1_read
Info (12021): Found 2 design units, including 1 entities, in source file ram_2_write.vhd
    Info (12022): Found design unit 1: ram_2_write-SYN
    Info (12023): Found entity 1: ram_2_write
Info (12127): Elaborating entity "final_project" for the top level hierarchy
Warning (10541): VHDL Signal Declaration warning at final_project.vhd(19): used implicit default value for signal "q" because signal was never assigned a value or an explicit default value. Use of implicit default value may introduce unintended design optimizations.
Warning (10541): VHDL Signal Declaration warning at final_project.vhd(26): used implicit default value for signal "address_1" because signal was never assigned a value or an explicit default value. Use of implicit default value may introduce unintended design optimizations.
Warning (10541): VHDL Signal Declaration warning at final_project.vhd(27): used implicit default value for signal "clock_1" because signal was never assigned a value or an explicit default value. Use of implicit default value may introduce unintended design optimizations.
Warning (10541): VHDL Signal Declaration warning at final_project.vhd(27): used implicit default value for signal "clock_2" because signal was never assigned a value or an explicit default value. Use of implicit default value may introduce unintended design optimizations.
Warning (10541): VHDL Signal Declaration warning at final_project.vhd(28): used implicit default value for signal "data_1" because signal was never assigned a value or an explicit default value. Use of implicit default value may introduce unintended design optimizations.
Warning (10541): VHDL Signal Declaration warning at final_project.vhd(28): used implicit default value for signal "data_2" because signal was never assigned a value or an explicit default value. Use of implicit default value may introduce unintended design optimizations.
Warning (10541): VHDL Signal Declaration warning at final_project.vhd(29): used implicit default value for signal "wren_1" because signal was never assigned a value or an explicit default value. Use of implicit default value may introduce unintended design optimizations.
Warning (10541): VHDL Signal Declaration warning at final_project.vhd(29): used implicit default value for signal "wren_2" because signal was never assigned a value or an explicit default value. Use of implicit default value may introduce unintended design optimizations.
Warning (10036): Verilog HDL or VHDL warning at final_project.vhd(30): object "q_1" assigned a value but never read
Warning (10036): Verilog HDL or VHDL warning at final_project.vhd(30): object "q_2" assigned a value but never read
Warning (10873): Using initial value X (don't care) for net "address_2" at final_project.vhd(26)
Info (12128): Elaborating entity "ram_1_read" for hierarchy "ram_1_read:ram_1"
Info (12128): Elaborating entity "altsyncram" for hierarchy "ram_1_read:ram_1|altsyncram:altsyncram_component"
Info (12130): Elaborated megafunction instantiation "ram_1_read:ram_1|altsyncram:altsyncram_component"
Info (12133): Instantiated megafunction "ram_1_read:ram_1|altsyncram:altsyncram_component" with the following parameter:
    Info (12134): Parameter "clock_enable_input_a" = "BYPASS"
    Info (12134): Parameter "clock_enable_output_a" = "BYPASS"
    Info (12134): Parameter "init_file" = "crash_mif.mif"
    Info (12134): Parameter "intended_device_family" = "Cyclone II"
    Info (12134): Parameter "lpm_hint" = "ENABLE_RUNTIME_MOD=YES,INSTANCE_NAME=0001"
    Info (12134): Parameter "lpm_type" = "altsyncram"
    Info (12134): Parameter "numwords_a" = "2048"
    Info (12134): Parameter "operation_mode" = "SINGLE_PORT"
    Info (12134): Parameter "outdata_aclr_a" = "NONE"
    Info (12134): Parameter "outdata_reg_a" = "UNREGISTERED"
    Info (12134): Parameter "power_up_uninitialized" = "FALSE"
    Info (12134): Parameter "widthad_a" = "11"
    Info (12134): Parameter "width_a" = "8"
    Info (12134): Parameter "width_byteena_a" = "1"
Info (12021): Found 1 design units, including 1 entities, in source file db/altsyncram_03f1.tdf
    Info (12023): Found entity 1: altsyncram_03f1
Info (12128): Elaborating entity "altsyncram_03f1" for hierarchy "ram_1_read:ram_1|altsyncram:altsyncram_component|altsyncram_03f1:auto_generated"
Info (12021): Found 1 design units, including 1 entities, in source file db/altsyncram_tna2.tdf
    Info (12023): Found entity 1: altsyncram_tna2
Info (12128): Elaborating entity "altsyncram_tna2" for hierarchy "ram_1_read:ram_1|altsyncram:altsyncram_component|altsyncram_03f1:auto_generated|altsyncram_tna2:altsyncram1"
Info (12128): Elaborating entity "sld_mod_ram_rom" for hierarchy "ram_1_read:ram_1|altsyncram:altsyncram_component|altsyncram_03f1:auto_generated|sld_mod_ram_rom:mgl_prim2"
Info (12130): Elaborated megafunction instantiation "ram_1_read:ram_1|altsyncram:altsyncram_component|altsyncram_03f1:auto_generated|sld_mod_ram_rom:mgl_prim2"
Info (12133): Instantiated megafunction "ram_1_read:ram_1|altsyncram:altsyncram_component|altsyncram_03f1:auto_generated|sld_mod_ram_rom:mgl_prim2" with the following parameter:
    Info (12134): Parameter "CVALUE" = "00000000"
    Info (12134): Parameter "IS_DATA_IN_RAM" = "1"
    Info (12134): Parameter "IS_READABLE" = "1"
    Info (12134): Parameter "NODE_NAME" = "808464433"
    Info (12134): Parameter "NUMWORDS" = "2048"
    Info (12134): Parameter "SHIFT_COUNT_BITS" = "4"
    Info (12134): Parameter "WIDTH_WORD" = "8"
    Info (12134): Parameter "WIDTHAD" = "11"
Info (12128): Elaborating entity "sld_rom_sr" for hierarchy "ram_1_read:ram_1|altsyncram:altsyncram_component|altsyncram_03f1:auto_generated|sld_mod_ram_rom:mgl_prim2|sld_rom_sr:\ram_rom_logic_gen:name_gen:info_rom_sr"
Info (12128): Elaborating entity "ram_2_write" for hierarchy "ram_2_write:ram_2"
Info (12128): Elaborating entity "altsyncram" for hierarchy "ram_2_write:ram_2|altsyncram:altsyncram_component"
Info (12130): Elaborated megafunction instantiation "ram_2_write:ram_2|altsyncram:altsyncram_component"
Info (12133): Instantiated megafunction "ram_2_write:ram_2|altsyncram:altsyncram_component" with the following parameter:
    Info (12134): Parameter "clock_enable_input_a" = "BYPASS"
    Info (12134): Parameter "clock_enable_output_a" = "BYPASS"
    Info (12134): Parameter "intended_device_family" = "Cyclone II"
    Info (12134): Parameter "lpm_hint" = "ENABLE_RUNTIME_MOD=YES,INSTANCE_NAME=0002"
    Info (12134): Parameter "lpm_type" = "altsyncram"
    Info (12134): Parameter "numwords_a" = "2048"
    Info (12134): Parameter "operation_mode" = "SINGLE_PORT"
    Info (12134): Parameter "outdata_aclr_a" = "NONE"
    Info (12134): Parameter "outdata_reg_a" = "UNREGISTERED"
    Info (12134): Parameter "power_up_uninitialized" = "FALSE"
    Info (12134): Parameter "widthad_a" = "11"
    Info (12134): Parameter "width_a" = "8"
    Info (12134): Parameter "width_byteena_a" = "1"
Info (12021): Found 1 design units, including 1 entities, in source file db/altsyncram_nnc1.tdf
    Info (12023): Found entity 1: altsyncram_nnc1
Info (12128): Elaborating entity "altsyncram_nnc1" for hierarchy "ram_2_write:ram_2|altsyncram:altsyncram_component|altsyncram_nnc1:auto_generated"
Info (12021): Found 1 design units, including 1 entities, in source file db/altsyncram_jc82.tdf
    Info (12023): Found entity 1: altsyncram_jc82
Info (12128): Elaborating entity "altsyncram_jc82" for hierarchy "ram_2_write:ram_2|altsyncram:altsyncram_component|altsyncram_nnc1:auto_generated|altsyncram_jc82:altsyncram1"
Info (12128): Elaborating entity "sld_mod_ram_rom" for hierarchy "ram_2_write:ram_2|altsyncram:altsyncram_component|altsyncram_nnc1:auto_generated|sld_mod_ram_rom:mgl_prim2"
Info (12130): Elaborated megafunction instantiation "ram_2_write:ram_2|altsyncram:altsyncram_component|altsyncram_nnc1:auto_generated|sld_mod_ram_rom:mgl_prim2"
Info (12133): Instantiated megafunction "ram_2_write:ram_2|altsyncram:altsyncram_component|altsyncram_nnc1:auto_generated|sld_mod_ram_rom:mgl_prim2" with the following parameter:
    Info (12134): Parameter "CVALUE" = "00000000"
    Info (12134): Parameter "IS_DATA_IN_RAM" = "1"
    Info (12134): Parameter "IS_READABLE" = "1"
    Info (12134): Parameter "NODE_NAME" = "808464434"
    Info (12134): Parameter "NUMWORDS" = "2048"
    Info (12134): Parameter "SHIFT_COUNT_BITS" = "4"
    Info (12134): Parameter "WIDTH_WORD" = "8"
    Info (12134): Parameter "WIDTHAD" = "11"
Warning (13024): Output pins are stuck at VCC or GND
    Warning (13410): Pin "q[0]" is stuck at GND
    Warning (13410): Pin "q[1]" is stuck at GND
    Warning (13410): Pin "q[2]" is stuck at GND
    Warning (13410): Pin "q[3]" is stuck at GND
    Warning (13410): Pin "q[4]" is stuck at GND
    Warning (13410): Pin "q[5]" is stuck at GND
    Warning (13410): Pin "q[6]" is stuck at GND
    Warning (13410): Pin "q[7]" is stuck at GND
Info (13000): Registers with preset signals will power-up high
Info (13003): DEV_CLRn pin will set, and not reset, register with preset signal due to NOT Gate Push-Back
Warning (13024): Output pins are stuck at VCC or GND
    Warning (13410): Pin "sld_hub:auto_hub|receive[0][0]" is stuck at GND
Info (16010): Generating hard_block partition "hard_block:auto_generated_inst"
    Info (16011): Adding 0 node(s), including 0 DDIO, 0 PLL, 0 transceiver and 0 LCELL
Warning (15400): WYSIWYG primitive "ram_1_read:ram_1|altsyncram:altsyncram_component|altsyncram_03f1:auto_generated|altsyncram_tna2:altsyncram1|ram_block3a0" has a port clk0 that is stuck at GND
Warning (15400): WYSIWYG primitive "ram_2_write:ram_2|altsyncram:altsyncram_component|altsyncram_nnc1:auto_generated|altsyncram_jc82:altsyncram1|ram_block3a0" has a port clk0 that is stuck at GND
Warning (15400): WYSIWYG primitive "ram_1_read:ram_1|altsyncram:altsyncram_component|altsyncram_03f1:auto_generated|altsyncram_tna2:altsyncram1|ram_block3a1" has a port clk0 that is stuck at GND
Warning (15400): WYSIWYG primitive "ram_2_write:ram_2|altsyncram:altsyncram_component|altsyncram_nnc1:auto_generated|altsyncram_jc82:altsyncram1|ram_block3a1" has a port clk0 that is stuck at GND
Warning (15400): WYSIWYG primitive "ram_1_read:ram_1|altsyncram:altsyncram_component|altsyncram_03f1:auto_generated|altsyncram_tna2:altsyncram1|ram_block3a2" has a port clk0 that is stuck at GND
Warning (15400): WYSIWYG primitive "ram_2_write:ram_2|altsyncram:altsyncram_component|altsyncram_nnc1:auto_generated|altsyncram_jc82:altsyncram1|ram_block3a2" has a port clk0 that is stuck at GND
Warning (15400): WYSIWYG primitive "ram_1_read:ram_1|altsyncram:altsyncram_component|altsyncram_03f1:auto_generated|altsyncram_tna2:altsyncram1|ram_block3a3" has a port clk0 that is stuck at GND
Warning (15400): WYSIWYG primitive "ram_2_write:ram_2|altsyncram:altsyncram_component|altsyncram_nnc1:auto_generated|altsyncram_jc82:altsyncram1|ram_block3a3" has a port clk0 that is stuck at GND
Warning (15400): WYSIWYG primitive "ram_1_read:ram_1|altsyncram:altsyncram_component|altsyncram_03f1:auto_generated|altsyncram_tna2:altsyncram1|ram_block3a4" has a port clk0 that is stuck at GND
Warning (15400): WYSIWYG primitive "ram_2_write:ram_2|altsyncram:altsyncram_component|altsyncram_nnc1:auto_generated|altsyncram_jc82:altsyncram1|ram_block3a4" has a port clk0 that is stuck at GND
Warning (15400): WYSIWYG primitive "ram_1_read:ram_1|altsyncram:altsyncram_component|altsyncram_03f1:auto_generated|altsyncram_tna2:altsyncram1|ram_block3a5" has a port clk0 that is stuck at GND
Warning (15400): WYSIWYG primitive "ram_2_write:ram_2|altsyncram:altsyncram_component|altsyncram_nnc1:auto_generated|altsyncram_jc82:altsyncram1|ram_block3a5" has a port clk0 that is stuck at GND
Warning (15400): WYSIWYG primitive "ram_1_read:ram_1|altsyncram:altsyncram_component|altsyncram_03f1:auto_generated|altsyncram_tna2:altsyncram1|ram_block3a6" has a port clk0 that is stuck at GND
Warning (15400): WYSIWYG primitive "ram_2_write:ram_2|altsyncram:altsyncram_component|altsyncram_nnc1:auto_generated|altsyncram_jc82:altsyncram1|ram_block3a6" has a port clk0 that is stuck at GND
Warning (15400): WYSIWYG primitive "ram_1_read:ram_1|altsyncram:altsyncram_component|altsyncram_03f1:auto_generated|altsyncram_tna2:altsyncram1|ram_block3a7" has a port clk0 that is stuck at GND
Warning (15400): WYSIWYG primitive "ram_2_write:ram_2|altsyncram:altsyncram_component|altsyncram_nnc1:auto_generated|altsyncram_jc82:altsyncram1|ram_block3a7" has a port clk0 that is stuck at GND
Warning (21074): Design contains 21 input pin(s) that do not drive logic
    Warning (15610): No output dependent on input pin "clock"
    Warning (15610): No output dependent on input pin "address[0]"
    Warning (15610): No output dependent on input pin "address[1]"
    Warning (15610): No output dependent on input pin "address[2]"
    Warning (15610): No output dependent on input pin "address[3]"
    Warning (15610): No output dependent on input pin "address[4]"
    Warning (15610): No output dependent on input pin "address[5]"
    Warning (15610): No output dependent on input pin "address[6]"
    Warning (15610): No output dependent on input pin "address[7]"
    Warning (15610): No output dependent on input pin "address[8]"
    Warning (15610): No output dependent on input pin "address[9]"
    Warning (15610): No output dependent on input pin "address[10]"
    Warning (15610): No output dependent on input pin "data[0]"
    Warning (15610): No output dependent on input pin "data[1]"
    Warning (15610): No output dependent on input pin "data[2]"
    Warning (15610): No output dependent on input pin "data[3]"
    Warning (15610): No output dependent on input pin "data[4]"
    Warning (15610): No output dependent on input pin "data[5]"
    Warning (15610): No output dependent on input pin "data[6]"
    Warning (15610): No output dependent on input pin "data[7]"
    Warning (15610): No output dependent on input pin "wren"
Info (21057): Implemented 370 device resources after synthesis - the final resource count might be different
    Info (21058): Implemented 24 input pins
    Info (21059): Implemented 9 output pins
    Info (21061): Implemented 320 logic cells
    Info (21064): Implemented 16 RAM segments
Info: Quartus II 64-Bit Analysis & Synthesis was successful. 0 errors, 61 warnings
    Info: Peak virtual memory: 543 megabytes
    Info: Processing ended: Wed Mar 29 10:08:04 2017
    Info: Elapsed time: 00:00:05
    Info: Total CPU time (on all processors): 00:00:04


